[
[1379179035,30],
[1379179037,30],
[1379179967,30],
[1379179969,30],
[1379180057,29.9375],
[1379180062,29.875],
[1379180067,29.9375],
[1379180072,29.9375],
[1379180213,29.9375],
[1379180215,29.9375],
[1379180382,29.875],
[1379180384,29.9375],
[1379180757,0],
[1379180757,0],
[1379180924,0],
[1379180924,0],
[1379180941,0],
[1379180944,0],
[1379180947,0],
[1379181009,0],
[1379181009,0],
[1379181013,0],
[1379181040,0],
[1379181041,0],
[1379181043,0],
[1379181044,0],
[1379181065,0],
[1379181065,0],
[1379181071,0],
[1379181071,0],
[1379181074,0],
[1379181074,0],
[1379181077,0],
[1379181077,0],
[1379181080,0],
[1379181080,0],
[1379181083,0],
[1379181084,0],
[1379181087,0],
[1379181087,0],
[1379181138,0],
[1379181138,0],
[1379181178,0],
[1379181178,0],
[1379181279,29.8125],
[1379181281,29.8125],
[1379181286,29.8125],
[1379181291,29.8125],
[1379181296,29.8125],
[1379181337,29.75],
[1379181339,29.8125],
[1379181343,29.75],
[1379181345,29.8125],
[1379181348,29.8125],
[1379181350,29.8125],
[1379181353,29.8125],
[1379181355,29.75],
[1379181358,29.9375],
[1379181360,30.8125],
[1379181363,31.5625],
[1379181365,32.0625],
[1379181368,32.5],
[1379181370,32.6875],
[1379181373,32.9375],
[1379181375,33.0625],
[1379181378,33.25],
[1379181380,33.3125],
[1379181383,33.375],
[1379181385,33.4375],
[1379184724,29.0625],
[1379184726,29],
[1379184763,29],
[1379184765,29],
[1379184781,29],
[1379184786,29],
[1379184791,29],
[1379184796,29],
[1379212922,29.875],
[1379212927,29.875],
[1379212932,29.875],
[1379212937,29.875],
[1379212942,29.875],
[1379212956,29.9375],
[1379212961,30.9375],
[1379212966,30.9375],
[1379212971,30.875],
[1379212976,30.75],
[1379212981,30.75],
[1379228801,30.375],
[1379228803,30.4375],
[1379229004,30.5625],
[1379229006,30.5625],
[1379229028,30.5625],
[1379229033,30.625],
[1379229038,30.5625],
[1379229043,30.5625],
[1379229263,30.625],
[1379229265,0],
[1379232185,30.625],
[1379232347,30.6875],
[1379232349,30.6875],
[1379232508,30.6875],
[1379232513,30.6875],
[1379232518,30.6875],
[1379232523,30.6875],
[1379232528,30.6875],
[1379232533,30.6875],
[1379232692,30.6875],
[1379232694,30.6875],
[1379235757,30.1875],
[1379235759,30.1875],
[1379237432,30],
[1379237434,30],
[1379237441,30],
[1379237443,30],
[1379245526,30.4375],
[1379245528,30.4375],
[1379245534,30.4375],
[1379245539,30.4375],
[1379245544,30.4375],
[1379245549,30.4375],
[1379245554,31.6875],
[1379245559,32.6875],
[1379245565,33.25],
[1379245570,33.5625],
[1379245575,33.75]
]