[
[1379168283,30.5625],
[1379168289,32.1875],
[1379168294,33],
[1379168299,33.4375],
[1379168304,33.875],
[1379168309,34],
[1379168314,34.125],
[1379168319,34.1875],
[1379168324,34.1875],
[1379168329,34.25],
[1379168334,34.1875],
[1379168339,34.25],
[1379168344,34.25],
[1379168349,34],
[1379168354,33.625],
[1379168359,33.3125],
[1379168364,33],
[1379168369,32.6875],
[1379168374,32.5],
[1379168379,32.375],
[1379168384,32.1875],
[1379168389,32.0625],
[1379168395,31.9375],
[1379168408,31.6875],
[1379168413,31.5625],
[1379168418,31.5],
[1379168423,31.4375],
[1379168428,31.3125],
[1379168433,31.25],
[1379168438,31.1875],
[1379168443,31.125],
[1379168457,30.9375],
[1379168462,30.875],
[1379168468,30.8125],
[1379168473,30.8125],
[1379168478,30.75],
[1379168483,30.6875],
[1379168488,30.6875],
[1379168510,30.5],
[1379169207,30],
[1379169209,30.0625],
[1379169290,30],
[1379169292,30.0625],
[1379169744,30.0625],
[1379169746,30.0625],
[1379170320,29.9375],
[1379170322,29.9375]
]
